\BOOKMARK [0][-]{chapter*.1}{Acknowledgements}{}% 1
\BOOKMARK [0][-]{chapter*.2}{Abstract}{}% 2
\BOOKMARK [0][-]{chapter.1}{Background}{}% 3
\BOOKMARK [1][-]{section.1.1}{Graph Terminology}{chapter.1}% 4
\BOOKMARK [1][-]{section.1.2}{Combinatorial Optimization}{chapter.1}% 5
\BOOKMARK [2][-]{subsection.1.2.1}{Relaxation and Bounds}{section.1.2}% 6
\BOOKMARK [2][-]{subsection.1.2.2}{Duality}{section.1.2}% 7
\BOOKMARK [2][-]{subsection.1.2.3}{Solution methods}{section.1.2}% 8
\BOOKMARK [1][-]{section.1.3}{Problems and Complexity}{chapter.1}% 9
\BOOKMARK [1][-]{section.1.4}{Path Planning}{chapter.1}% 10
\BOOKMARK [0][-]{chapter.2}{Power Minimizing Trees in Ad-hoc Wireless Networks}{}% 11
\BOOKMARK [1][-]{section.2.1}{Wireless Sensor Networks}{chapter.2}% 12
\BOOKMARK [1][-]{section.2.2}{Combinatorial optimization problems motivated by WANETs}{chapter.2}% 13
\BOOKMARK [2][-]{subsection.2.2.1}{Network Model}{section.2.2}% 14
\BOOKMARK [2][-]{subsection.2.2.2}{Minimum Energy Broadcast}{section.2.2}% 15
\BOOKMARK [2][-]{subsection.2.2.3}{Range Assignment Problem}{section.2.2}% 16
\BOOKMARK [2][-]{subsection.2.2.4}{Shared Broadcast Trees}{section.2.2}% 17
\BOOKMARK [2][-]{subsection.2.2.5}{Non-destination nodes}{section.2.2}% 18
\BOOKMARK [1][-]{section.2.3}{Shared Multicat Trees}{chapter.2}% 19
\BOOKMARK [0][-]{chapter.3}{Minimum Broadcast Trees}{}% 20
\BOOKMARK [0][-]{chapter.4}{Multi-Agent Path Finidng}{}% 21
\BOOKMARK [1][-]{section.4.1}{Scenarios with adversaries}{chapter.4}% 22
\BOOKMARK [2][-]{subsection.4.1.1}{Adversarial Cooperative Path Finding}{section.4.1}% 23
\BOOKMARK [2][-]{subsection.4.1.2}{Area Protection Problem}{section.4.1}% 24
\BOOKMARK [2][-]{subsection.4.1.3}{Area Protection Problem with Communication maintenance}{section.4.1}% 25
\BOOKMARK [0][-]{chapter.5}{Contribution of the Thesis and Prospective Research}{}% 26
\BOOKMARK [0][-]{chapter.6}{Attached Papers}{}% 27
\BOOKMARK [1][-]{section.6.1}{Shared Multicast Trees in Ad Hoc Wireless Networks}{chapter.6}% 28
\BOOKMARK [1][-]{section.6.2}{The Shared Broadcast Tree Problem and MST}{chapter.6}% 29
\BOOKMARK [1][-]{section.6.3}{Integer Programming Formulations for the Shared Multicast Tree Problem}{chapter.6}% 30
